2013/03/16 01:43:22 [error] [exception.CException] exception 'CException' with message 'Property "DialogController.breadcrumbs" is not defined.' in D:\APACHEYII\htdocs\yii-1.1.13\framework\base\CComponent.php:173
Stack trace:
#0 D:\APACHEYII\htdocs\zbase01\protected\views\dialog\mypage.php(24): CComponent->__set('breadcrumbs', Array)
#1 D:\APACHEYII\htdocs\yii-1.1.13\framework\web\CBaseController.php(126): require('D:\APACHEYII\ht...')
#2 D:\APACHEYII\htdocs\yii-1.1.13\framework\web\CBaseController.php(95): CBaseController->renderInternal('D:\APACHEYII\ht...', NULL, true)
#3 D:\APACHEYII\htdocs\yii-1.1.13\framework\web\CController.php(869): CBaseController->renderFile('D:\APACHEYII\ht...', NULL, true)
#4 D:\APACHEYII\htdocs\yii-1.1.13\framework\web\CController.php(782): CController->renderPartial('mypage', NULL, true)
#5 D:\APACHEYII\htdocs\zbase01\protected\controllers\DialogController.php(22): CController->render('mypage')
#6 D:\APACHEYII\htdocs\yii-1.1.13\framework\web\actions\CInlineAction.php(49): DialogController->actionPage()
#7 D:\APACHEYII\htdocs\yii-1.1.13\framework\web\CController.php(308): CInlineAction->runWithParams(Array)
#8 D:\APACHEYII\htdocs\yii-1.1.13\framework\web\CController.php(286): CController->runAction(Object(CInlineAction))
#9 D:\APACHEYII\htdocs\yii-1.1.13\framework\web\CController.php(265): CController->runActionWithFilters(Object(CInlineAction), Array)
#10 D:\APACHEYII\htdocs\yii-1.1.13\framework\web\CWebApplication.php(282): CController->run('page')
#11 D:\APACHEYII\htdocs\yii-1.1.13\framework\web\CWebApplication.php(141): CWebApplication->runController('dialog/page')
#12 D:\APACHEYII\htdocs\yii-1.1.13\framework\base\CApplication.php(169): CWebApplication->processRequest()
#13 D:\APACHEYII\htdocs\zbase01\index.php(13): CApplication->run()
#14 {main}
REQUEST_URI=/zbase01/index.php?r=dialog/page
---
2013/03/16 01:45:00 [error] [php] Missing argument 2 for YiiBase::t(), called in D:\APACHEYII\htdocs\zbase01\protected\views\dialog\mypage.php on line 35 and defined (D:\APACHEYII\htdocs\yii-1.1.13\framework\YiiBase.php:571)
Stack trace:
#0 D:\APACHEYII\htdocs\yii-1.1.13\framework\web\CBaseController.php(95): DialogController->renderInternal()
#1 D:\APACHEYII\htdocs\yii-1.1.13\framework\web\CController.php(869): DialogController->renderFile()
#2 D:\APACHEYII\htdocs\yii-1.1.13\framework\web\CController.php(782): DialogController->renderPartial()
#3 D:\APACHEYII\htdocs\zbase01\protected\controllers\DialogController.php(22): DialogController->render()
#4 D:\APACHEYII\htdocs\yii-1.1.13\framework\web\actions\CInlineAction.php(49): DialogController->actionPage()
#5 D:\APACHEYII\htdocs\yii-1.1.13\framework\web\CController.php(308): CInlineAction->runWithParams()
#6 D:\APACHEYII\htdocs\yii-1.1.13\framework\web\CController.php(286): DialogController->runAction()
#7 D:\APACHEYII\htdocs\yii-1.1.13\framework\web\CController.php(265): DialogController->runActionWithFilters()
#8 D:\APACHEYII\htdocs\yii-1.1.13\framework\web\CWebApplication.php(282): DialogController->run()
#9 D:\APACHEYII\htdocs\yii-1.1.13\framework\web\CWebApplication.php(141): CWebApplication->runController()
#10 D:\APACHEYII\htdocs\yii-1.1.13\framework\base\CApplication.php(169): CWebApplication->processRequest()
#11 D:\APACHEYII\htdocs\zbase01\index.php(13): CWebApplication->run()
REQUEST_URI=/zbase01/index.php?r=dialog/page
in D:\APACHEYII\htdocs\zbase01\protected\views\dialog\mypage.php (35)
in D:\APACHEYII\htdocs\zbase01\protected\controllers\DialogController.php (22)
in D:\APACHEYII\htdocs\zbase01\index.php (13)
2013/03/16 01:52:17 [error] [exception.CHttpException.403] exception 'CHttpException' with message 'You are not authorized to perform this action.' in D:\APACHEYII\htdocs\yii-1.1.13\framework\web\auth\CAccessControlFilter.php:179
Stack trace:
#0 D:\APACHEYII\htdocs\yii-1.1.13\framework\web\auth\CAccessControlFilter.php(142): CAccessControlFilter->accessDenied(Object(CWebUser), 'You are not aut...')
#1 D:\APACHEYII\htdocs\yii-1.1.13\framework\web\filters\CFilter.php(38): CAccessControlFilter->preFilter(Object(CFilterChain))
#2 D:\APACHEYII\htdocs\yii-1.1.13\framework\web\CController.php(1145): CFilter->filter(Object(CFilterChain))
#3 D:\APACHEYII\htdocs\yii-1.1.13\framework\web\filters\CInlineFilter.php(58): CController->filterAccessControl(Object(CFilterChain))
#4 D:\APACHEYII\htdocs\yii-1.1.13\framework\web\filters\CFilterChain.php(130): CInlineFilter->filter(Object(CFilterChain))
#5 D:\APACHEYII\htdocs\yii-1.1.13\framework\web\CController.php(291): CFilterChain->run()
#6 D:\APACHEYII\htdocs\yii-1.1.13\framework\web\CController.php(265): CController->runActionWithFilters(Object(CInlineAction), Array)
#7 D:\APACHEYII\htdocs\yii-1.1.13\framework\web\CWebApplication.php(282): CController->run('page')
#8 D:\APACHEYII\htdocs\yii-1.1.13\framework\web\CWebApplication.php(141): CWebApplication->runController('dialog/page')
#9 D:\APACHEYII\htdocs\yii-1.1.13\framework\base\CApplication.php(169): CWebApplication->processRequest()
#10 D:\APACHEYII\htdocs\zbase01\index.php(13): CApplication->run()
#11 {main}
REQUEST_URI=/zbase01/index.php?r=dialog/page
---
2013/03/16 01:52:55 [error] [exception.CException] exception 'CException' with message 'Property "DialogController.menu" is not defined.' in D:\APACHEYII\htdocs\yii-1.1.13\framework\base\CComponent.php:130
Stack trace:
#0 D:\APACHEYII\htdocs\zbase01\protected\views\layouts\column2.php(15): CComponent->__get('menu')
#1 D:\APACHEYII\htdocs\yii-1.1.13\framework\web\CBaseController.php(126): require('D:\APACHEYII\ht...')
#2 D:\APACHEYII\htdocs\yii-1.1.13\framework\web\CBaseController.php(95): CBaseController->renderInternal('D:\APACHEYII\ht...', Array, true)
#3 D:\APACHEYII\htdocs\yii-1.1.13\framework\web\CController.php(784): CBaseController->renderFile('D:\APACHEYII\ht...', Array, true)
#4 D:\APACHEYII\htdocs\zbase01\protected\controllers\DialogController.php(61): CController->render('mypage')
#5 D:\APACHEYII\htdocs\yii-1.1.13\framework\web\actions\CInlineAction.php(49): DialogController->actionPage()
#6 D:\APACHEYII\htdocs\yii-1.1.13\framework\web\CController.php(308): CInlineAction->runWithParams(Array)
#7 D:\APACHEYII\htdocs\yii-1.1.13\framework\web\filters\CFilterChain.php(133): CController->runAction(Object(CInlineAction))
#8 D:\APACHEYII\htdocs\yii-1.1.13\framework\web\filters\CFilter.php(40): CFilterChain->run()
#9 D:\APACHEYII\htdocs\yii-1.1.13\framework\web\CController.php(1145): CFilter->filter(Object(CFilterChain))
#10 D:\APACHEYII\htdocs\yii-1.1.13\framework\web\filters\CInlineFilter.php(58): CController->filterAccessControl(Object(CFilterChain))
#11 D:\APACHEYII\htdocs\yii-1.1.13\framework\web\filters\CFilterChain.php(130): CInlineFilter->filter(Object(CFilterChain))
#12 D:\APACHEYII\htdocs\yii-1.1.13\framework\web\CController.php(291): CFilterChain->run()
#13 D:\APACHEYII\htdocs\yii-1.1.13\framework\web\CController.php(265): CController->runActionWithFilters(Object(CInlineAction), Array)
#14 D:\APACHEYII\htdocs\yii-1.1.13\framework\web\CWebApplication.php(282): CController->run('page')
#15 D:\APACHEYII\htdocs\yii-1.1.13\framework\web\CWebApplication.php(141): CWebApplication->runController('dialog/page')
#16 D:\APACHEYII\htdocs\yii-1.1.13\framework\base\CApplication.php(169): CWebApplication->processRequest()
#17 D:\APACHEYII\htdocs\zbase01\index.php(13): CApplication->run()
#18 {main}
REQUEST_URI=/zbase01/index.php?r=dialog/page
---
2013/03/16 01:57:30 [error] [exception.CHttpException.404] exception 'CHttpException' with message 'The requested view "index" was not found.' in D:\APACHEYII\htdocs\yii-1.1.13\framework\web\actions\CViewAction.php:112
Stack trace:
#0 D:\APACHEYII\htdocs\yii-1.1.13\framework\web\actions\CViewAction.php(123): CViewAction->resolveView('index')
#1 D:\APACHEYII\htdocs\yii-1.1.13\framework\web\actions\CAction.php(76): CViewAction->run()
#2 D:\APACHEYII\htdocs\yii-1.1.13\framework\web\CController.php(308): CAction->runWithParams(Array)
#3 D:\APACHEYII\htdocs\yii-1.1.13\framework\web\CController.php(286): CController->runAction(Object(CViewAction))
#4 D:\APACHEYII\htdocs\yii-1.1.13\framework\web\CController.php(265): CController->runActionWithFilters(Object(CViewAction), Array)
#5 D:\APACHEYII\htdocs\yii-1.1.13\framework\web\CWebApplication.php(282): CController->run('page')
#6 D:\APACHEYII\htdocs\yii-1.1.13\framework\web\CWebApplication.php(141): CWebApplication->runController('site/page')
#7 D:\APACHEYII\htdocs\yii-1.1.13\framework\base\CApplication.php(169): CWebApplication->processRequest()
#8 D:\APACHEYII\htdocs\zbase01\index.php(13): CApplication->run()
#9 {main}
REQUEST_URI=/zbase01/index.php?r=site/page
HTTP_REFERER=http://localhost:8080/zbase01/index.php?r=dialog/page
---
2013/03/16 01:57:32 [error] [exception.CHttpException.404] exception 'CHttpException' with message 'The requested view "index" was not found.' in D:\APACHEYII\htdocs\yii-1.1.13\framework\web\actions\CViewAction.php:112
Stack trace:
#0 D:\APACHEYII\htdocs\yii-1.1.13\framework\web\actions\CViewAction.php(123): CViewAction->resolveView('index')
#1 D:\APACHEYII\htdocs\yii-1.1.13\framework\web\actions\CAction.php(76): CViewAction->run()
#2 D:\APACHEYII\htdocs\yii-1.1.13\framework\web\CController.php(308): CAction->runWithParams(Array)
#3 D:\APACHEYII\htdocs\yii-1.1.13\framework\web\CController.php(286): CController->runAction(Object(CViewAction))
#4 D:\APACHEYII\htdocs\yii-1.1.13\framework\web\CController.php(265): CController->runActionWithFilters(Object(CViewAction), Array)
#5 D:\APACHEYII\htdocs\yii-1.1.13\framework\web\CWebApplication.php(282): CController->run('page')
#6 D:\APACHEYII\htdocs\yii-1.1.13\framework\web\CWebApplication.php(141): CWebApplication->runController('site/page')
#7 D:\APACHEYII\htdocs\yii-1.1.13\framework\base\CApplication.php(169): CWebApplication->processRequest()
#8 D:\APACHEYII\htdocs\zbase01\index.php(13): CApplication->run()
#9 {main}
REQUEST_URI=/zbase01/index.php?r=site/page
HTTP_REFERER=http://localhost:8080/zbase01/index.php?r=dialog/page
---
2013/03/16 01:57:48 [error] [exception.CHttpException.404] exception 'CHttpException' with message 'The requested view "index" was not found.' in D:\APACHEYII\htdocs\yii-1.1.13\framework\web\actions\CViewAction.php:112
Stack trace:
#0 D:\APACHEYII\htdocs\yii-1.1.13\framework\web\actions\CViewAction.php(123): CViewAction->resolveView('index')
#1 D:\APACHEYII\htdocs\yii-1.1.13\framework\web\actions\CAction.php(76): CViewAction->run()
#2 D:\APACHEYII\htdocs\yii-1.1.13\framework\web\CController.php(308): CAction->runWithParams(Array)
#3 D:\APACHEYII\htdocs\yii-1.1.13\framework\web\CController.php(286): CController->runAction(Object(CViewAction))
#4 D:\APACHEYII\htdocs\yii-1.1.13\framework\web\CController.php(265): CController->runActionWithFilters(Object(CViewAction), Array)
#5 D:\APACHEYII\htdocs\yii-1.1.13\framework\web\CWebApplication.php(282): CController->run('page')
#6 D:\APACHEYII\htdocs\yii-1.1.13\framework\web\CWebApplication.php(141): CWebApplication->runController('site/page')
#7 D:\APACHEYII\htdocs\yii-1.1.13\framework\base\CApplication.php(169): CWebApplication->processRequest()
#8 D:\APACHEYII\htdocs\zbase01\index.php(13): CApplication->run()
#9 {main}
REQUEST_URI=/zbase01/index.php?r=site/page
HTTP_REFERER=http://localhost:8080/zbase01/index.php?r=dialog/page
---
2013/03/16 01:58:04 [error] [exception.CHttpException.404] exception 'CHttpException' with message 'The requested view "index" was not found.' in D:\APACHEYII\htdocs\yii-1.1.13\framework\web\actions\CViewAction.php:112
Stack trace:
#0 D:\APACHEYII\htdocs\yii-1.1.13\framework\web\actions\CViewAction.php(123): CViewAction->resolveView('index')
#1 D:\APACHEYII\htdocs\yii-1.1.13\framework\web\actions\CAction.php(76): CViewAction->run()
#2 D:\APACHEYII\htdocs\yii-1.1.13\framework\web\CController.php(308): CAction->runWithParams(Array)
#3 D:\APACHEYII\htdocs\yii-1.1.13\framework\web\CController.php(286): CController->runAction(Object(CViewAction))
#4 D:\APACHEYII\htdocs\yii-1.1.13\framework\web\CController.php(265): CController->runActionWithFilters(Object(CViewAction), Array)
#5 D:\APACHEYII\htdocs\yii-1.1.13\framework\web\CWebApplication.php(282): CController->run('page')
#6 D:\APACHEYII\htdocs\yii-1.1.13\framework\web\CWebApplication.php(141): CWebApplication->runController('site/page')
#7 D:\APACHEYII\htdocs\yii-1.1.13\framework\base\CApplication.php(169): CWebApplication->processRequest()
#8 D:\APACHEYII\htdocs\zbase01\index.php(13): CApplication->run()
#9 {main}
REQUEST_URI=/zbase01/index.php?r=site/page
HTTP_REFERER=http://localhost:8080/zbase01/index.php?r=dialog/page
---
2013/03/16 02:03:46 [error] [exception.CException] exception 'CException' with message 'Property "DialogController.breadcrumbs" is not defined.' in D:\APACHEYII\htdocs\yii-1.1.13\framework\base\CComponent.php:173
Stack trace:
#0 D:\APACHEYII\htdocs\zbase01\protected\views\dialog\mypage.php(24): CComponent->__set('breadcrumbs', Array)
#1 D:\APACHEYII\htdocs\yii-1.1.13\framework\web\CBaseController.php(126): require('D:\APACHEYII\ht...')
#2 D:\APACHEYII\htdocs\yii-1.1.13\framework\web\CBaseController.php(95): CBaseController->renderInternal('D:\APACHEYII\ht...', NULL, true)
#3 D:\APACHEYII\htdocs\yii-1.1.13\framework\web\CController.php(869): CBaseController->renderFile('D:\APACHEYII\ht...', NULL, true)
#4 D:\APACHEYII\htdocs\yii-1.1.13\framework\web\CController.php(782): CController->renderPartial('mypage', NULL, true)
#5 D:\APACHEYII\htdocs\zbase01\protected\controllers\DialogController.php(61): CController->render('mypage')
#6 D:\APACHEYII\htdocs\yii-1.1.13\framework\web\actions\CInlineAction.php(49): DialogController->actionPage()
#7 D:\APACHEYII\htdocs\yii-1.1.13\framework\web\CController.php(308): CInlineAction->runWithParams(Array)
#8 D:\APACHEYII\htdocs\yii-1.1.13\framework\web\filters\CFilterChain.php(133): CController->runAction(Object(CInlineAction))
#9 D:\APACHEYII\htdocs\yii-1.1.13\framework\web\filters\CFilter.php(40): CFilterChain->run()
#10 D:\APACHEYII\htdocs\yii-1.1.13\framework\web\CController.php(1145): CFilter->filter(Object(CFilterChain))
#11 D:\APACHEYII\htdocs\yii-1.1.13\framework\web\filters\CInlineFilter.php(58): CController->filterAccessControl(Object(CFilterChain))
#12 D:\APACHEYII\htdocs\yii-1.1.13\framework\web\filters\CFilterChain.php(130): CInlineFilter->filter(Object(CFilterChain))
#13 D:\APACHEYII\htdocs\yii-1.1.13\framework\web\CController.php(291): CFilterChain->run()
#14 D:\APACHEYII\htdocs\yii-1.1.13\framework\web\CController.php(265): CController->runActionWithFilters(Object(CInlineAction), Array)
#15 D:\APACHEYII\htdocs\yii-1.1.13\framework\web\CWebApplication.php(282): CController->run('page')
#16 D:\APACHEYII\htdocs\yii-1.1.13\framework\web\CWebApplication.php(141): CWebApplication->runController('dialog/page')
#17 D:\APACHEYII\htdocs\yii-1.1.13\framework\base\CApplication.php(169): CWebApplication->processRequest()
#18 D:\APACHEYII\htdocs\zbase01\index.php(13): CApplication->run()
#19 {main}
REQUEST_URI=/zbase01/index.php?r=dialog/page
---
2013/03/16 02:04:55 [error] [php] Missing argument 2 for YiiBase::t(), called in D:\APACHEYII\htdocs\zbase01\protected\views\dialog\mypage2.php on line 4 and defined (D:\APACHEYII\htdocs\yii-1.1.13\framework\YiiBase.php:571)
Stack trace:
#0 D:\APACHEYII\htdocs\yii-1.1.13\framework\web\CBaseController.php(95): DialogController->renderInternal()
#1 D:\APACHEYII\htdocs\yii-1.1.13\framework\web\CController.php(869): DialogController->renderFile()
#2 D:\APACHEYII\htdocs\yii-1.1.13\framework\web\CController.php(782): DialogController->renderPartial()
#3 D:\APACHEYII\htdocs\zbase01\protected\controllers\DialogController.php(65): DialogController->render()
#4 D:\APACHEYII\htdocs\yii-1.1.13\framework\web\actions\CInlineAction.php(49): DialogController->actionPage2()
#5 D:\APACHEYII\htdocs\yii-1.1.13\framework\web\CController.php(308): CInlineAction->runWithParams()
#6 D:\APACHEYII\htdocs\yii-1.1.13\framework\web\filters\CFilterChain.php(133): DialogController->runAction()
#7 D:\APACHEYII\htdocs\yii-1.1.13\framework\web\filters\CFilter.php(40): CFilterChain->run()
#8 D:\APACHEYII\htdocs\yii-1.1.13\framework\web\CController.php(1145): CAccessControlFilter->filter()
#9 D:\APACHEYII\htdocs\yii-1.1.13\framework\web\filters\CInlineFilter.php(58): DialogController->filterAccessControl()
#10 D:\APACHEYII\htdocs\yii-1.1.13\framework\web\filters\CFilterChain.php(130): CInlineFilter->filter()
#11 D:\APACHEYII\htdocs\yii-1.1.13\framework\web\CController.php(291): CFilterChain->run()
#12 D:\APACHEYII\htdocs\yii-1.1.13\framework\web\CController.php(265): DialogController->runActionWithFilters()
#13 D:\APACHEYII\htdocs\yii-1.1.13\framework\web\CWebApplication.php(282): DialogController->run()
#14 D:\APACHEYII\htdocs\yii-1.1.13\framework\web\CWebApplication.php(141): CWebApplication->runController()
#15 D:\APACHEYII\htdocs\yii-1.1.13\framework\base\CApplication.php(169): CWebApplication->processRequest()
#16 D:\APACHEYII\htdocs\zbase01\index.php(13): CWebApplication->run()
REQUEST_URI=/zbase01/index.php?r=dialog/page2
in D:\APACHEYII\htdocs\zbase01\protected\views\dialog\mypage2.php (4)
in D:\APACHEYII\htdocs\zbase01\protected\controllers\DialogController.php (65)
in D:\APACHEYII\htdocs\zbase01\index.php (13)
